Determining if the -Wl,-undefined,error linker flag is supported passed with the following output:
Change Dir: '/Users/gjeane/work/draft_3/monero-gui/cmake/CMakeFiles/CMakeTmp'

Run Build Command(s): /Users/gjeane/Qt/Tools/Ninja/ninja -v cmTC_789a2
[1/2] /usr/bin/cc   -Wl,-undefined,error  -std=c11 -arch arm64   -Wl,-undefined,error -MD -MT CMakeFiles/cmTC_789a2.dir/CheckLinkerFlag.c.o -MF CMakeFiles/cmTC_789a2.dir/CheckLinkerFlag.c.o.d -o CMakeFiles/cmTC_789a2.dir/CheckLinkerFlag.c.o -c /Users/gjeane/work/draft_3/monero-gui/monero/cmake/CheckLinkerFlag.c
clang: warning: -Wl,-undefined,error: 'linker' input unused [-Wunused-command-line-argument]
clang: warning: -Wl,-undefined,error: 'linker' input unused [-Wunused-command-line-argument]
[2/2] : && /usr/bin/cc -Wl,-undefined,error  -arch arm64 -Wl,-search_paths_first -Wl,-headerpad_max_install_names CMakeFiles/cmTC_789a2.dir/CheckLinkerFlag.c.o -o cmTC_789a2   && :
ld: warning: -undefined error is deprecated



Determining if the -Wl,-pie linker flag is supported passed with the following output:
Change Dir: '/Users/gjeane/work/draft_3/monero-gui/cmake/CMakeFiles/CMakeTmp'

Run Build Command(s): /Users/gjeane/Qt/Tools/Ninja/ninja -v cmTC_6f7c4
[1/2] /usr/bin/cc   -Wl,-pie  -std=c11 -arch arm64   -Wl,-pie -MD -MT CMakeFiles/cmTC_6f7c4.dir/CheckLinkerFlag.c.o -MF CMakeFiles/cmTC_6f7c4.dir/CheckLinkerFlag.c.o.d -o CMakeFiles/cmTC_6f7c4.dir/CheckLinkerFlag.c.o -c /Users/gjeane/work/draft_3/monero-gui/monero/cmake/CheckLinkerFlag.c
clang: warning: -Wl,-pie: 'linker' input unused [-Wunused-command-line-argument]
clang: warning: -Wl,-pie: 'linker' input unused [-Wunused-command-line-argument]
[2/2] : && /usr/bin/cc -Wl,-pie  -arch arm64 -Wl,-search_paths_first -Wl,-headerpad_max_install_names CMakeFiles/cmTC_6f7c4.dir/CheckLinkerFlag.c.o -o cmTC_6f7c4   && :



Determining if the -Wl,-bind_at_load linker flag is supported passed with the following output:
Change Dir: '/Users/gjeane/work/draft_3/monero-gui/cmake/CMakeFiles/CMakeTmp'

Run Build Command(s): /Users/gjeane/Qt/Tools/Ninja/ninja -v cmTC_60b8c
[1/2] /usr/bin/cc   -Wl,-bind_at_load  -arch arm64   -Wl,-bind_at_load -MD -MT CMakeFiles/cmTC_60b8c.dir/CheckLinkerFlag.c.o -MF CMakeFiles/cmTC_60b8c.dir/CheckLinkerFlag.c.o.d -o CMakeFiles/cmTC_60b8c.dir/CheckLinkerFlag.c.o -c /Users/gjeane/work/draft_3/monero-gui/monero/cmake/CheckLinkerFlag.c
clang: warning: -Wl,-bind_at_load: 'linker' input unused [-Wunused-command-line-argument]
clang: warning: -Wl,-bind_at_load: 'linker' input unused [-Wunused-command-line-argument]
[2/2] : && /usr/bin/cc -Wl,-bind_at_load  -arch arm64 -Wl,-search_paths_first -Wl,-headerpad_max_install_names CMakeFiles/cmTC_60b8c.dir/CheckLinkerFlag.c.o -o cmTC_60b8c   && :
ld: warning: -bind_at_load is deprecated on macOS



Determining if the -Wl,-dead_strip linker flag is supported passed with the following output:
Change Dir: '/Users/gjeane/work/draft_3/monero-gui/cmake/CMakeFiles/CMakeTmp'

Run Build Command(s): /Users/gjeane/Qt/Tools/Ninja/ninja -v cmTC_080b1
[1/2] /usr/bin/cc   -Wl,-dead_strip  -arch arm64   -Wl,-dead_strip -MD -MT CMakeFiles/cmTC_080b1.dir/CheckLinkerFlag.c.o -MF CMakeFiles/cmTC_080b1.dir/CheckLinkerFlag.c.o.d -o CMakeFiles/cmTC_080b1.dir/CheckLinkerFlag.c.o -c /Users/gjeane/work/draft_3/monero-gui/monero/cmake/CheckLinkerFlag.c
clang: warning: -Wl,-dead_strip: 'linker' input unused [-Wunused-command-line-argument]
clang: warning: -Wl,-dead_strip: 'linker' input unused [-Wunused-command-line-argument]
[2/2] : && /usr/bin/cc -Wl,-dead_strip  -arch arm64 -Wl,-search_paths_first -Wl,-headerpad_max_install_names CMakeFiles/cmTC_080b1.dir/CheckLinkerFlag.c.o -o cmTC_080b1   && :



Determining if the -Wl,-dead_strip_dylibs linker flag is supported passed with the following output:
Change Dir: '/Users/gjeane/work/draft_3/monero-gui/cmake/CMakeFiles/CMakeTmp'

Run Build Command(s): /Users/gjeane/Qt/Tools/Ninja/ninja -v cmTC_59279
[1/2] /usr/bin/cc   -Wl,-dead_strip_dylibs  -arch arm64   -Wl,-dead_strip_dylibs -MD -MT CMakeFiles/cmTC_59279.dir/CheckLinkerFlag.c.o -MF CMakeFiles/cmTC_59279.dir/CheckLinkerFlag.c.o.d -o CMakeFiles/cmTC_59279.dir/CheckLinkerFlag.c.o -c /Users/gjeane/work/draft_3/monero-gui/monero/cmake/CheckLinkerFlag.c
clang: warning: -Wl,-dead_strip_dylibs: 'linker' input unused [-Wunused-command-line-argument]
clang: warning: -Wl,-dead_strip_dylibs: 'linker' input unused [-Wunused-command-line-argument]
[2/2] : && /usr/bin/cc -Wl,-dead_strip_dylibs  -arch arm64 -Wl,-search_paths_first -Wl,-headerpad_max_install_names CMakeFiles/cmTC_59279.dir/CheckLinkerFlag.c.o -o cmTC_59279   && :



